[26844:10108:0210/005108:VERBOSE1:crash_service_main.cc(68)] Session start. cmdline is [--reporter-url=http://crash.discordapp.com:1127/post --application-name=Discord --v=1 --submit-backlog]
[26844:10108:0210/005108:VERBOSE1:crash_service.cc(172)] window handle is 00EA0C1E
[26844:10108:0210/005108:VERBOSE1:crash_service.cc(324)] pipe name is \\.\pipe\Discord Crash Service
dumps at C:\Users\Jiiks\AppData\Local\Temp\Discord Crashes
[26844:10108:0210/005108:VERBOSE1:crash_service.cc(328)] checkpoint is C:\Users\Jiiks\AppData\Local\Temp\Discord Crashes\crash_checkpoint.txt
server is http://crash.discordapp.com:1127/post
maximum 128 reports/day
reporter is Discord-crash-service
[26844:10108:0210/005108:VERBOSE1:crash_service_main.cc(84)] Ready to process crash requests
[26844:10108:0210/005108:VERBOSE1:crash_service.cc(521)] submitting backlogged crashes... 
[26844:10108:0210/005108:VERBOSE1:crash_service.cc(559)] finished submitting backlog; exiting
[26844:10108:0210/005108:VERBOSE1:crash_service_main.cc(89)] Session end. return code is 0
[28192:29240:0210/005117:VERBOSE1:crash_service_main.cc(68)] Session start. cmdline is [--reporter-url=http://crash.discordapp.com:1127/post --application-name=Discord --v=1 --submit-backlog]
[28192:29240:0210/005117:VERBOSE1:crash_service.cc(172)] window handle is 01721A20
[28192:29240:0210/005117:VERBOSE1:crash_service.cc(324)] pipe name is \\.\pipe\Discord Crash Service
dumps at C:\Users\Jiiks\AppData\Local\Temp\Discord Crashes
[28192:29240:0210/005117:VERBOSE1:crash_service.cc(328)] checkpoint is C:\Users\Jiiks\AppData\Local\Temp\Discord Crashes\crash_checkpoint.txt
server is http://crash.discordapp.com:1127/post
maximum 128 reports/day
reporter is Discord-crash-service
[28192:29240:0210/005117:VERBOSE1:crash_service_main.cc(84)] Ready to process crash requests
[28192:29240:0210/005117:VERBOSE1:crash_service.cc(521)] submitting backlogged crashes... 
[28192:29240:0210/005117:VERBOSE1:crash_service.cc(559)] finished submitting backlog; exiting
[28192:29240:0210/005117:VERBOSE1:crash_service_main.cc(89)] Session end. return code is 0
[10916:32120:0210/005311:VERBOSE1:crash_service_main.cc(68)] Session start. cmdline is [--reporter-url=http://crash.discordapp.com:1127/post --application-name=Discord --v=1 --submit-backlog]
[10916:32120:0210/005311:VERBOSE1:crash_service.cc(172)] window handle is 003021E4
[10916:32120:0210/005311:VERBOSE1:crash_service.cc(324)] pipe name is \\.\pipe\Discord Crash Service
dumps at C:\Users\Jiiks\AppData\Local\Temp\Discord Crashes
[10916:32120:0210/005311:VERBOSE1:crash_service.cc(328)] checkpoint is C:\Users\Jiiks\AppData\Local\Temp\Discord Crashes\crash_checkpoint.txt
server is http://crash.discordapp.com:1127/post
maximum 128 reports/day
reporter is Discord-crash-service
[10916:32120:0210/005311:VERBOSE1:crash_service_main.cc(84)] Ready to process crash requests
[10916:32120:0210/005311:VERBOSE1:crash_service.cc(521)] submitting backlogged crashes... 
[10916:32120:0210/005311:VERBOSE1:crash_service.cc(559)] finished submitting backlog; exiting
[10916:32120:0210/005311:VERBOSE1:crash_service_main.cc(89)] Session end. return code is 0
[6000:8080:0210/005319:VERBOSE1:crash_service_main.cc(68)] Session start. cmdline is [--reporter-url=http://crash.discordapp.com:1127/post --application-name=Discord --v=1 --submit-backlog]
[6000:8080:0210/005319:VERBOSE1:crash_service.cc(172)] window handle is 00B206A2
[6000:8080:0210/005319:VERBOSE1:crash_service.cc(324)] pipe name is \\.\pipe\Discord Crash Service
dumps at C:\Users\Jiiks\AppData\Local\Temp\Discord Crashes
[6000:8080:0210/005319:VERBOSE1:crash_service.cc(328)] checkpoint is C:\Users\Jiiks\AppData\Local\Temp\Discord Crashes\crash_checkpoint.txt
server is http://crash.discordapp.com:1127/post
maximum 128 reports/day
reporter is Discord-crash-service
[6000:8080:0210/005319:VERBOSE1:crash_service_main.cc(84)] Ready to process crash requests
[6000:8080:0210/005319:VERBOSE1:crash_service.cc(521)] submitting backlogged crashes... 
[6000:8080:0210/005319:VERBOSE1:crash_service.cc(559)] finished submitting backlog; exiting
[6000:8080:0210/005319:VERBOSE1:crash_service_main.cc(89)] Session end. return code is 0
[26996:27592:0210/005531:VERBOSE1:crash_service_main.cc(68)] Session start. cmdline is [--reporter-url=http://crash.discordapp.com:1127/post --application-name=Discord --v=1 --submit-backlog]
[26996:27592:0210/005531:VERBOSE1:crash_service.cc(172)] window handle is 001B07CC
[26996:27592:0210/005531:VERBOSE1:crash_service.cc(324)] pipe name is \\.\pipe\Discord Crash Service
dumps at C:\Users\Jiiks\AppData\Local\Temp\Discord Crashes
[26996:27592:0210/005531:VERBOSE1:crash_service.cc(328)] checkpoint is C:\Users\Jiiks\AppData\Local\Temp\Discord Crashes\crash_checkpoint.txt
server is http://crash.discordapp.com:1127/post
maximum 128 reports/day
reporter is Discord-crash-service
[26996:27592:0210/005531:VERBOSE1:crash_service_main.cc(84)] Ready to process crash requests
[26996:27592:0210/005531:VERBOSE1:crash_service.cc(521)] submitting backlogged crashes... 
[26996:27592:0210/005531:VERBOSE1:crash_service.cc(559)] finished submitting backlog; exiting
[26996:27592:0210/005531:VERBOSE1:crash_service_main.cc(89)] Session end. return code is 0
[9264:28948:0210/005540:VERBOSE1:crash_service_main.cc(68)] Session start. cmdline is [--reporter-url=http://crash.discordapp.com:1127/post --application-name=Discord --v=1 --submit-backlog]
[9264:28948:0210/005540:VERBOSE1:crash_service.cc(172)] window handle is 019C0D68
[9264:28948:0210/005540:VERBOSE1:crash_service.cc(324)] pipe name is \\.\pipe\Discord Crash Service
dumps at C:\Users\Jiiks\AppData\Local\Temp\Discord Crashes
[9264:28948:0210/005540:VERBOSE1:crash_service.cc(328)] checkpoint is C:\Users\Jiiks\AppData\Local\Temp\Discord Crashes\crash_checkpoint.txt
server is http://crash.discordapp.com:1127/post
maximum 128 reports/day
reporter is Discord-crash-service
[9264:28948:0210/005540:VERBOSE1:crash_service_main.cc(84)] Ready to process crash requests
[9264:28948:0210/005540:VERBOSE1:crash_service.cc(521)] submitting backlogged crashes... 
[9264:28948:0210/005540:VERBOSE1:crash_service.cc(559)] finished submitting backlog; exiting
[9264:28948:0210/005540:VERBOSE1:crash_service_main.cc(89)] Session end. return code is 0
[16392:3936:0210/030007:VERBOSE1:crash_service_main.cc(68)] Session start. cmdline is [--reporter-url=http://crash.discordapp.com:1127/post --application-name=Discord --v=1 --submit-backlog]
[16392:3936:0210/030007:VERBOSE1:crash_service.cc(172)] window handle is 0001234C
[16392:3936:0210/030007:VERBOSE1:crash_service.cc(324)] pipe name is \\.\pipe\Discord Crash Service
dumps at C:\Users\Jiiks\AppData\Local\Temp\Discord Crashes
[16392:3936:0210/030007:VERBOSE1:crash_service.cc(328)] checkpoint is C:\Users\Jiiks\AppData\Local\Temp\Discord Crashes\crash_checkpoint.txt
server is http://crash.discordapp.com:1127/post
maximum 128 reports/day
reporter is Discord-crash-service
[16392:3936:0210/030007:VERBOSE1:crash_service_main.cc(84)] Ready to process crash requests
[16392:3936:0210/030007:VERBOSE1:crash_service.cc(521)] submitting backlogged crashes... 
[16392:3936:0210/030007:VERBOSE1:crash_service.cc(559)] finished submitting backlog; exiting
[16392:3936:0210/030007:VERBOSE1:crash_service_main.cc(89)] Session end. return code is 0
[30824:22724:0210/030016:VERBOSE1:crash_service_main.cc(68)] Session start. cmdline is [--reporter-url=http://crash.discordapp.com:1127/post --application-name=Discord --v=1 --submit-backlog]
[30824:22724:0210/030016:VERBOSE1:crash_service.cc(172)] window handle is 010E0C4E
[30824:22724:0210/030016:VERBOSE1:crash_service.cc(324)] pipe name is \\.\pipe\Discord Crash Service
dumps at C:\Users\Jiiks\AppData\Local\Temp\Discord Crashes
[30824:22724:0210/030016:VERBOSE1:crash_service.cc(328)] checkpoint is C:\Users\Jiiks\AppData\Local\Temp\Discord Crashes\crash_checkpoint.txt
server is http://crash.discordapp.com:1127/post
maximum 128 reports/day
reporter is Discord-crash-service
[30824:22724:0210/030016:VERBOSE1:crash_service_main.cc(84)] Ready to process crash requests
[30824:22724:0210/030016:VERBOSE1:crash_service.cc(521)] submitting backlogged crashes... 
[30824:22724:0210/030016:VERBOSE1:crash_service.cc(559)] finished submitting backlog; exiting
[30824:22724:0210/030016:VERBOSE1:crash_service_main.cc(89)] Session end. return code is 0
[6412:29616:0210/035138:VERBOSE1:crash_service_main.cc(68)] Session start. cmdline is [--reporter-url=http://crash.discordapp.com:1127/post --application-name=Discord --v=1 --submit-backlog]
[6412:29616:0210/035138:VERBOSE1:crash_service.cc(172)] window handle is 001F232A
[6412:29616:0210/035138:VERBOSE1:crash_service.cc(324)] pipe name is \\.\pipe\Discord Crash Service
dumps at C:\Users\Jiiks\AppData\Local\Temp\Discord Crashes
[6412:29616:0210/035138:VERBOSE1:crash_service.cc(328)] checkpoint is C:\Users\Jiiks\AppData\Local\Temp\Discord Crashes\crash_checkpoint.txt
server is http://crash.discordapp.com:1127/post
maximum 128 reports/day
reporter is Discord-crash-service
[6412:29616:0210/035138:VERBOSE1:crash_service_main.cc(84)] Ready to process crash requests
[6412:29616:0210/035138:VERBOSE1:crash_service.cc(521)] submitting backlogged crashes... 
[6412:29616:0210/035138:VERBOSE1:crash_service.cc(559)] finished submitting backlog; exiting
[6412:29616:0210/035138:VERBOSE1:crash_service_main.cc(89)] Session end. return code is 0
[15484:24068:0210/035149:VERBOSE1:crash_service_main.cc(68)] Session start. cmdline is [--reporter-url=http://crash.discordapp.com:1127/post --application-name=Discord --v=1 --submit-backlog]
[15484:24068:0210/035149:VERBOSE1:crash_service.cc(172)] window handle is 001525A2
[15484:24068:0210/035149:VERBOSE1:crash_service.cc(324)] pipe name is \\.\pipe\Discord Crash Service
dumps at C:\Users\Jiiks\AppData\Local\Temp\Discord Crashes
[15484:24068:0210/035149:VERBOSE1:crash_service.cc(328)] checkpoint is C:\Users\Jiiks\AppData\Local\Temp\Discord Crashes\crash_checkpoint.txt
server is http://crash.discordapp.com:1127/post
maximum 128 reports/day
reporter is Discord-crash-service
[15484:24068:0210/035149:VERBOSE1:crash_service_main.cc(84)] Ready to process crash requests
[15484:24068:0210/035149:VERBOSE1:crash_service.cc(521)] submitting backlogged crashes... 
[15484:24068:0210/035149:VERBOSE1:crash_service.cc(559)] finished submitting backlog; exiting
[15484:24068:0210/035149:VERBOSE1:crash_service_main.cc(89)] Session end. return code is 0
[23088:20552:0210/035200:VERBOSE1:crash_service_main.cc(68)] Session start. cmdline is [--reporter-url=http://crash.discordapp.com:1127/post --application-name=Discord --v=1 --submit-backlog]
[23088:20552:0210/035200:VERBOSE1:crash_service.cc(172)] window handle is 000A2734
[23088:20552:0210/035200:VERBOSE1:crash_service.cc(324)] pipe name is \\.\pipe\Discord Crash Service
dumps at C:\Users\Jiiks\AppData\Local\Temp\Discord Crashes
[23088:20552:0210/035200:VERBOSE1:crash_service.cc(328)] checkpoint is C:\Users\Jiiks\AppData\Local\Temp\Discord Crashes\crash_checkpoint.txt
server is http://crash.discordapp.com:1127/post
maximum 128 reports/day
reporter is Discord-crash-service
[23088:20552:0210/035200:VERBOSE1:crash_service_main.cc(84)] Ready to process crash requests
[23088:20552:0210/035200:VERBOSE1:crash_service.cc(521)] submitting backlogged crashes... 
[23088:20552:0210/035200:VERBOSE1:crash_service.cc(539)] submitting dump C:\Users\Jiiks\AppData\Local\Temp\Discord Crashes\3f8846a5-97b8-44a4-b0bc-54f499aa5dec.dmp
[23088:20552:0210/035204:VERBOSE1:crash_service.cc(550)] deleting C:\Users\Jiiks\AppData\Local\Temp\Discord Crashes\3f8846a5-97b8-44a4-b0bc-54f499aa5dec.dmp
[23088:20552:0210/035204:VERBOSE1:crash_service.cc(559)] finished submitting backlog; exiting
[23088:20552:0210/035204:VERBOSE1:crash_service_main.cc(89)] Session end. return code is 0
