[26384:20564:0210/003050:VERBOSE1:crash_service_main.cc(68)] Session start. cmdline is [--reporter-url=http://crash.discordapp.com:1127/post --application-name=Discord --v=1 --submit-backlog]
[26384:20564:0210/003050:VERBOSE1:crash_service.cc(172)] window handle is 0024082A
[26384:20564:0210/003050:VERBOSE1:crash_service.cc(324)] pipe name is \\.\pipe\Discord Crash Service
dumps at C:\Users\Jiiks\AppData\Local\Temp\Discord Crashes
[26384:20564:0210/003050:VERBOSE1:crash_service.cc(328)] checkpoint is C:\Users\Jiiks\AppData\Local\Temp\Discord Crashes\crash_checkpoint.txt
server is http://crash.discordapp.com:1127/post
maximum 128 reports/day
reporter is Discord-crash-service
[26384:20564:0210/003050:VERBOSE1:crash_service_main.cc(84)] Ready to process crash requests
[26384:20564:0210/003050:VERBOSE1:crash_service.cc(521)] submitting backlogged crashes... 
[26384:20564:0210/003050:VERBOSE1:crash_service.cc(559)] finished submitting backlog; exiting
[26384:20564:0210/003050:VERBOSE1:crash_service_main.cc(89)] Session end. return code is 0
[27512:31604:0210/003058:VERBOSE1:crash_service_main.cc(68)] Session start. cmdline is [--reporter-url=http://crash.discordapp.com:1127/post --application-name=Discord --v=1 --submit-backlog]
[27512:31604:0210/003058:VERBOSE1:crash_service.cc(172)] window handle is 00701F0A
[27512:31604:0210/003058:VERBOSE1:crash_service.cc(324)] pipe name is \\.\pipe\Discord Crash Service
dumps at C:\Users\Jiiks\AppData\Local\Temp\Discord Crashes
[27512:31604:0210/003058:VERBOSE1:crash_service.cc(328)] checkpoint is C:\Users\Jiiks\AppData\Local\Temp\Discord Crashes\crash_checkpoint.txt
server is http://crash.discordapp.com:1127/post
maximum 128 reports/day
reporter is Discord-crash-service
[27512:31604:0210/003058:VERBOSE1:crash_service_main.cc(84)] Ready to process crash requests
[27512:31604:0210/003058:VERBOSE1:crash_service.cc(521)] submitting backlogged crashes... 
[27512:31604:0210/003058:VERBOSE1:crash_service.cc(559)] finished submitting backlog; exiting
[27512:31604:0210/003058:VERBOSE1:crash_service_main.cc(89)] Session end. return code is 0
[18744:15064:0210/003240:VERBOSE1:crash_service_main.cc(68)] Session start. cmdline is [--reporter-url=http://crash.discordapp.com:1127/post --application-name=Discord --v=1 --submit-backlog]
[18744:15064:0210/003240:VERBOSE1:crash_service.cc(172)] window handle is 001508FA
[18744:15064:0210/003240:VERBOSE1:crash_service.cc(324)] pipe name is \\.\pipe\Discord Crash Service
dumps at C:\Users\Jiiks\AppData\Local\Temp\Discord Crashes
[18744:15064:0210/003240:VERBOSE1:crash_service.cc(328)] checkpoint is C:\Users\Jiiks\AppData\Local\Temp\Discord Crashes\crash_checkpoint.txt
server is http://crash.discordapp.com:1127/post
maximum 128 reports/day
reporter is Discord-crash-service
[18744:15064:0210/003240:VERBOSE1:crash_service_main.cc(84)] Ready to process crash requests
[18744:15064:0210/003240:VERBOSE1:crash_service.cc(521)] submitting backlogged crashes... 
[18744:15064:0210/003240:VERBOSE1:crash_service.cc(559)] finished submitting backlog; exiting
[18744:15064:0210/003240:VERBOSE1:crash_service_main.cc(89)] Session end. return code is 0
[32560:11028:0210/003248:VERBOSE1:crash_service_main.cc(68)] Session start. cmdline is [--reporter-url=http://crash.discordapp.com:1127/post --application-name=Discord --v=1 --submit-backlog]
[32560:11028:0210/003248:VERBOSE1:crash_service.cc(172)] window handle is 00192068
[32560:11028:0210/003248:VERBOSE1:crash_service.cc(324)] pipe name is \\.\pipe\Discord Crash Service
dumps at C:\Users\Jiiks\AppData\Local\Temp\Discord Crashes
[32560:11028:0210/003248:VERBOSE1:crash_service.cc(328)] checkpoint is C:\Users\Jiiks\AppData\Local\Temp\Discord Crashes\crash_checkpoint.txt
server is http://crash.discordapp.com:1127/post
maximum 128 reports/day
reporter is Discord-crash-service
[32560:11028:0210/003248:VERBOSE1:crash_service_main.cc(84)] Ready to process crash requests
[32560:11028:0210/003248:VERBOSE1:crash_service.cc(521)] submitting backlogged crashes... 
[32560:11028:0210/003248:VERBOSE1:crash_service.cc(559)] finished submitting backlog; exiting
[32560:11028:0210/003248:VERBOSE1:crash_service_main.cc(89)] Session end. return code is 0
[11536:29308:0210/003416:VERBOSE1:crash_service_main.cc(68)] Session start. cmdline is [--reporter-url=http://crash.discordapp.com:1127/post --application-name=Discord --v=1 --submit-backlog]
[11536:29308:0210/003416:VERBOSE1:crash_service.cc(172)] window handle is 00EF1C62
[11536:29308:0210/003416:VERBOSE1:crash_service.cc(324)] pipe name is \\.\pipe\Discord Crash Service
dumps at C:\Users\Jiiks\AppData\Local\Temp\Discord Crashes
[11536:29308:0210/003416:VERBOSE1:crash_service.cc(328)] checkpoint is C:\Users\Jiiks\AppData\Local\Temp\Discord Crashes\crash_checkpoint.txt
server is http://crash.discordapp.com:1127/post
maximum 128 reports/day
reporter is Discord-crash-service
[11536:29308:0210/003416:VERBOSE1:crash_service_main.cc(84)] Ready to process crash requests
[11536:29308:0210/003416:VERBOSE1:crash_service.cc(521)] submitting backlogged crashes... 
[11536:29308:0210/003416:VERBOSE1:crash_service.cc(559)] finished submitting backlog; exiting
[11536:29308:0210/003416:VERBOSE1:crash_service_main.cc(89)] Session end. return code is 0
[14372:28940:0210/003424:VERBOSE1:crash_service_main.cc(68)] Session start. cmdline is [--reporter-url=http://crash.discordapp.com:1127/post --application-name=Discord --v=1 --submit-backlog]
[14372:28940:0210/003424:VERBOSE1:crash_service.cc(172)] window handle is 001D06EE
[14372:28940:0210/003424:VERBOSE1:crash_service.cc(324)] pipe name is \\.\pipe\Discord Crash Service
dumps at C:\Users\Jiiks\AppData\Local\Temp\Discord Crashes
[14372:28940:0210/003424:VERBOSE1:crash_service.cc(328)] checkpoint is C:\Users\Jiiks\AppData\Local\Temp\Discord Crashes\crash_checkpoint.txt
server is http://crash.discordapp.com:1127/post
maximum 128 reports/day
reporter is Discord-crash-service
[14372:28940:0210/003424:VERBOSE1:crash_service_main.cc(84)] Ready to process crash requests
[14372:28940:0210/003424:VERBOSE1:crash_service.cc(521)] submitting backlogged crashes... 
[14372:28940:0210/003424:VERBOSE1:crash_service.cc(559)] finished submitting backlog; exiting
[14372:28940:0210/003424:VERBOSE1:crash_service_main.cc(89)] Session end. return code is 0
[8100:23952:0210/004805:VERBOSE1:crash_service_main.cc(68)] Session start. cmdline is [--reporter-url=http://crash.discordapp.com:1127/post --application-name=Discord --v=1 --submit-backlog]
[8100:23952:0210/004805:VERBOSE1:crash_service.cc(172)] window handle is 00C72088
[8100:23952:0210/004805:VERBOSE1:crash_service.cc(324)] pipe name is \\.\pipe\Discord Crash Service
dumps at C:\Users\Jiiks\AppData\Local\Temp\Discord Crashes
[8100:23952:0210/004805:VERBOSE1:crash_service.cc(328)] checkpoint is C:\Users\Jiiks\AppData\Local\Temp\Discord Crashes\crash_checkpoint.txt
server is http://crash.discordapp.com:1127/post
maximum 128 reports/day
reporter is Discord-crash-service
[8100:23952:0210/004805:VERBOSE1:crash_service_main.cc(84)] Ready to process crash requests
[8100:23952:0210/004805:VERBOSE1:crash_service.cc(521)] submitting backlogged crashes... 
[8100:23952:0210/004805:VERBOSE1:crash_service.cc(559)] finished submitting backlog; exiting
[8100:23952:0210/004805:VERBOSE1:crash_service_main.cc(89)] Session end. return code is 0
[19560:10468:0210/004813:VERBOSE1:crash_service_main.cc(68)] Session start. cmdline is [--reporter-url=http://crash.discordapp.com:1127/post --application-name=Discord --v=1 --submit-backlog]
[19560:10468:0210/004813:VERBOSE1:crash_service.cc(172)] window handle is 003206FA
[19560:10468:0210/004813:VERBOSE1:crash_service.cc(324)] pipe name is \\.\pipe\Discord Crash Service
dumps at C:\Users\Jiiks\AppData\Local\Temp\Discord Crashes
[19560:10468:0210/004813:VERBOSE1:crash_service.cc(328)] checkpoint is C:\Users\Jiiks\AppData\Local\Temp\Discord Crashes\crash_checkpoint.txt
server is http://crash.discordapp.com:1127/post
maximum 128 reports/day
reporter is Discord-crash-service
[19560:10468:0210/004813:VERBOSE1:crash_service_main.cc(84)] Ready to process crash requests
[19560:10468:0210/004813:VERBOSE1:crash_service.cc(521)] submitting backlogged crashes... 
[19560:10468:0210/004813:VERBOSE1:crash_service.cc(559)] finished submitting backlog; exiting
[19560:10468:0210/004813:VERBOSE1:crash_service_main.cc(89)] Session end. return code is 0
[5796:25740:0210/005004:VERBOSE1:crash_service_main.cc(68)] Session start. cmdline is [--reporter-url=http://crash.discordapp.com:1127/post --application-name=Discord --v=1 --submit-backlog]
[5796:25740:0210/005004:VERBOSE1:crash_service.cc(172)] window handle is 002F204C
[5796:25740:0210/005004:VERBOSE1:crash_service.cc(324)] pipe name is \\.\pipe\Discord Crash Service
dumps at C:\Users\Jiiks\AppData\Local\Temp\Discord Crashes
[5796:25740:0210/005004:VERBOSE1:crash_service.cc(328)] checkpoint is C:\Users\Jiiks\AppData\Local\Temp\Discord Crashes\crash_checkpoint.txt
server is http://crash.discordapp.com:1127/post
maximum 128 reports/day
reporter is Discord-crash-service
[5796:25740:0210/005004:VERBOSE1:crash_service_main.cc(84)] Ready to process crash requests
[5796:25740:0210/005004:VERBOSE1:crash_service.cc(521)] submitting backlogged crashes... 
[5796:25740:0210/005004:VERBOSE1:crash_service.cc(559)] finished submitting backlog; exiting
[5796:25740:0210/005004:VERBOSE1:crash_service_main.cc(89)] Session end. return code is 0
[29124:14404:0210/005012:VERBOSE1:crash_service_main.cc(68)] Session start. cmdline is [--reporter-url=http://crash.discordapp.com:1127/post --application-name=Discord --v=1 --submit-backlog]
[29124:14404:0210/005012:VERBOSE1:crash_service.cc(172)] window handle is 01FC1D62
[29124:14404:0210/005012:VERBOSE1:crash_service.cc(324)] pipe name is \\.\pipe\Discord Crash Service
dumps at C:\Users\Jiiks\AppData\Local\Temp\Discord Crashes
[29124:14404:0210/005012:VERBOSE1:crash_service.cc(328)] checkpoint is C:\Users\Jiiks\AppData\Local\Temp\Discord Crashes\crash_checkpoint.txt
server is http://crash.discordapp.com:1127/post
maximum 128 reports/day
reporter is Discord-crash-service
[29124:14404:0210/005012:VERBOSE1:crash_service_main.cc(84)] Ready to process crash requests
[29124:14404:0210/005012:VERBOSE1:crash_service.cc(521)] submitting backlogged crashes... 
[29124:14404:0210/005012:VERBOSE1:crash_service.cc(559)] finished submitting backlog; exiting
[29124:14404:0210/005012:VERBOSE1:crash_service_main.cc(89)] Session end. return code is 0
